d:\нлту\теорія прийнятя рішень\lab_1\lab_1\x64\debug\vc143.pdb
d:\нлту\теорія прийнятя рішень\lab_1\lab_1\x64\debug\.netframework,version=v4.8.assemblyattributes.obj
d:\нлту\теорія прийнятя рішень\lab_1\lab_1\x64\debug\myform.obj
d:\нлту\теорія прийнятя рішень\lab_1\lab_1\x64\debug\matrixrelation.obj
d:\нлту\теорія прийнятя рішень\lab_1\lab_1\x64\debug\intersectionrelation.obj
d:\нлту\теорія прийнятя рішень\lab_1\x64\debug\lab_1.exe
d:\нлту\теорія прийнятя рішень\lab_1\x64\debug\lab_1.pdb
d:\нлту\теорія прийнятя рішень\lab_1\lab_1\x64\debug\lab_1.tlog\cl.command.1.tlog
d:\нлту\теорія прийнятя рішень\lab_1\lab_1\x64\debug\lab_1.tlog\cl.items.tlog
d:\нлту\теорія прийнятя рішень\lab_1\lab_1\x64\debug\lab_1.tlog\cl.read.1.tlog
d:\нлту\теорія прийнятя рішень\lab_1\lab_1\x64\debug\lab_1.tlog\cl.write.1.tlog
d:\нлту\теорія прийнятя рішень\lab_1\lab_1\x64\debug\lab_1.tlog\link.command.1.tlog
d:\нлту\теорія прийнятя рішень\lab_1\lab_1\x64\debug\lab_1.tlog\link.read.1.tlog
d:\нлту\теорія прийнятя рішень\lab_1\lab_1\x64\debug\lab_1.tlog\link.secondary.1.tlog
d:\нлту\теорія прийнятя рішень\lab_1\lab_1\x64\debug\lab_1.tlog\link.write.1.tlog
d:\нлту\теорія прийнятя рішень\lab_1\lab_1\x64\debug\lab_1.tlog\metagen.read.1.tlog
d:\нлту\теорія прийнятя рішень\lab_1\lab_1\x64\debug\lab_1.tlog\metagen.write.1.tlog
d:\нлту\теорія прийнятя рішень\lab_1\lab_1\x64\debug\lab_1.tlog\resgen.command.1.tlog
d:\нлту\теорія прийнятя рішень\lab_1\lab_1\x64\debug\lab_1.tlog\resgen.read.1.tlog
d:\нлту\теорія прийнятя рішень\lab_1\lab_1\x64\debug\lab_1.tlog\resgen.write.1.tlog
